[35m[Appium][39m Welcome to Appium v1.8.1
[35m[Appium][39m Non-default server args:
[35m[Appium][39m   port: 55877
[35m[Appium][39m   loglevel: info
[35m[Appium][39m   chromeDriverPort: 55878
[35m[Appium][39m   tmpDir: C:\Users\rahma\AppData\Local\Temp\\Katalon\Appium\Temp1590656926688
[35m[Appium][39m Appium REST http interface listener started on 0.0.0.0:55877
[35m[HTTP][39m [37m-->[39m [37mGET[39m [37m/wd/hub/status[39m
[35m[HTTP][39m [90m{}[39m
[35m[HTTP][39m [37m<-- GET /wd/hub/status [39m[32m200[39m [90m52 ms - 83[39m
[35m[HTTP][39m [90m[39m
[35m[HTTP][39m [37m-->[39m [37mGET[39m [37m/wd/hub/status[39m
[35m[HTTP][39m [90m{}[39m
[35m[HTTP][39m [37m<-- GET /wd/hub/status [39m[32m200[39m [90m45 ms - 83[39m
[35m[HTTP][39m [90m[39m
[35m[HTTP][39m [37m-->[39m [37mPOST[39m [37m/wd/hub/session[39m
[35m[HTTP][39m [90m{"desiredCapabilities":{"appPackage":"com.android.settings","appWaitActivity":"*","deviceId":"","deviceName":"emulator-5574 (ONEPLUS A3010 - Android 7.1.1)","platform":"ANDROID","appActivity":".Settings","newCommandTimeout":1800,"platformVersion":"7.1.1","automationName":"uiautomator2","autoGrantPermissions":true,"skipDeviceInitialization":true,"platformName":"Android","udid":"emulator-5574","systemPort":8273},"capabilities":{"firstMatch":[{"appium:appActivity":".Settings","appium:appPackage":"com.android.settings","appium:appWaitActivity":"*","appium:autoGrantPermissions":true,"appium:automationName":"uiautomator2","deviceId":"","appium:deviceName":"emulator-5574 (ONEPLUS A3010 - Android 7.1.1)","appium:newCommandTimeout":1800,"platform":"ANDROID","platformName":"android","appium:platformVersion":"7.1.1","skipDeviceInitialization":true,"appium:systemPort":8273,"appium:udid":"emulator-5574"}]}}[39m
[35m[BaseDriver][39m The capabilities ["deviceId","platform","skipDeviceInitialization"] are not standard capabilities and should have an extension prefix
[35m[Appium][39m Creating new AndroidUiautomator2Driver (v1.12.0) session
[35m[Appium][39m Capabilities:
[35m[Appium][39m   deviceId: 
[35m[Appium][39m   platform: ANDROID
[35m[Appium][39m   platformName: android
[35m[Appium][39m   skipDeviceInitialization: true
[35m[Appium][39m   appActivity: .Settings
[35m[Appium][39m   appPackage: com.android.settings
[35m[Appium][39m   appWaitActivity: *
[35m[Appium][39m   autoGrantPermissions: true
[35m[Appium][39m   automationName: uiautomator2
[35m[Appium][39m   deviceName: emulator-5574 (ONEPLUS A3010 - Android 7.1.1)
[35m[Appium][39m   newCommandTimeout: 1800
[35m[Appium][39m   platformVersion: 7.1.1
[35m[Appium][39m   systemPort: 8273
[35m[Appium][39m   udid: emulator-5574
[35m[BaseDriver][39m The following capabilities were provided, but are not recognized by appium: deviceId, platform, skipDeviceInitialization.
[35m[BaseDriver][39m Session created with session id: e68c6dac-4b50-4397-8a21-dde25aee6645
[35m[AndroidDriver][39m Java version is: 1.8.0_181
[35m[ADB][39m Checking whether adb is present
[35m[ADB][39m Found 1 'build-tools' folders under 'C:\Users\rahma\.katalon\tools\android_sdk' (newest first):
[35m[ADB][39m     C:/Users/rahma/.katalon/tools/android_sdk/build-tools/29.0.2
[35m[ADB][39m Using adb.exe from C:\Users\rahma\.katalon\tools\android_sdk\platform-tools\adb.exe
[35m[AndroidDriver][39m Retrieving device list
[35m[AndroidDriver][39m Using device: emulator-5574
[35m[AndroidDriver][39m No app sent in, not parsing package/activity
[35m[ADB][39m Getting device platform version
[35m[ADB][39m Using apksigner.bat from C:\Users\rahma\.katalon\tools\android_sdk\build-tools\29.0.2\apksigner.bat
[35m[ADB][39m Checking whether aapt is present
[35m[ADB][39m Using aapt.exe from C:\Users\rahma\.katalon\tools\android_sdk\build-tools\29.0.2\aapt.exe
[35m[ADB][39m Cannot read version codes of 'C:\Users\rahma\AppData\Roaming\npm\node_modules\appium\node_modules\appium-uiautomator2-server\apks\appium-uiautomator2-server-debug-androidTest.apk' and/or 'io.appium.uiautomator2.server.test'
[35m[ADB][39m Cannot read version names of 'C:\Users\rahma\AppData\Roaming\npm\node_modules\appium\node_modules\appium-uiautomator2-server\apks\appium-uiautomator2-server-debug-androidTest.apk' and/or 'io.appium.uiautomator2.server.test'. Assuming correct app version is already installed
[35m[AndroidDriver][39m setDeviceLanguageCountry requires language or country.
[35m[AndroidDriver][39m Got language: 'null' and country: 'null'
[35m[ADB][39m com.android.settings contains no permissions available for granting.
[35m[UiAutomator2][39m Starting uiautomator2 server 1.12.0
[35m[UiAutomator2][39m Using UIAutomator2 server from 'C:\Users\rahma\AppData\Roaming\npm\node_modules\appium\node_modules\appium-uiautomator2-server\apks\appium-uiautomator2-server-v1.12.0.apk' and test from 'C:\Users\rahma\AppData\Roaming\npm\node_modules\appium\node_modules\appium-uiautomator2-server\apks\appium-uiautomator2-server-debug-androidTest.apk'
[35m[UiAutomator2][39m Running command: 'adb -s emulator-5574 shell am instrument -w io.appium.uiautomator2.server.test/android.support.test.runner.AndroidJUnitRunner'
[35m[UiAutomator2][39m Waiting up to 20000ms for UiAutomator2 to be online...
[35m[AndroidDriver][39m Screen already unlocked, doing nothing
[35m[UiAutomator2][39m UiAutomator2 did not start the activity we were waiting for, 'com.android.settings/*'. Starting it ourselves
[35m[Appium][39m New AndroidUiautomator2Driver session created successfully, session e68c6dac-4b50-4397-8a21-dde25aee6645 added to master session list
[35m[HTTP][39m [37m<-- POST /wd/hub/session [39m[32m200[39m [90m12165 ms - 1275[39m
[35m[HTTP][39m [90m[39m
[35m[HTTP][39m [37m-->[39m [37mGET[39m [37m/wd/hub/session/e68c6dac-4b50-4397-8a21-dde25aee6645[39m
[35m[HTTP][39m [90m{}[39m
[35m[HTTP][39m [37m<-- GET /wd/hub/session/e68c6dac-4b50-4397-8a21-dde25aee6645 [39m[32m200[39m [90m30 ms - 1207[39m
[35m[HTTP][39m [90m[39m
[35m[HTTP][39m [37m-->[39m [37mGET[39m [37m/wd/hub/session/e68c6dac-4b50-4397-8a21-dde25aee6645[39m
[35m[HTTP][39m [90m{}[39m
[35m[HTTP][39m [37m<-- GET /wd/hub/session/e68c6dac-4b50-4397-8a21-dde25aee6645 [39m[32m200[39m [90m14 ms - 1207[39m
[35m[HTTP][39m [90m[39m
[35m[HTTP][39m [37m-->[39m [37mGET[39m [37m/wd/hub/status[39m
[35m[HTTP][39m [90m{}[39m
[35m[HTTP][39m [37m<-- GET /wd/hub/status [39m[32m200[39m [90m65 ms - 55[39m
[35m[HTTP][39m [90m[39m
[35m[HTTP][39m [37m-->[39m [37mPOST[39m [37m/wd/hub/session/e68c6dac-4b50-4397-8a21-dde25aee6645/timeouts[39m
[35m[HTTP][39m [90m{"implicit":60000}[39m
[35m[HTTP][39m [37m<-- POST /wd/hub/session/e68c6dac-4b50-4397-8a21-dde25aee6645/timeouts [39m[32m200[39m [90m6 ms - 14[39m
[35m[HTTP][39m [90m[39m
[35m[HTTP][39m [37m-->[39m [37mPOST[39m [37m/wd/hub/session/e68c6dac-4b50-4397-8a21-dde25aee6645/appium/device/activate_app[39m
[35m[HTTP][39m [90m{"bundleId":"com.quipper.tenji"}[39m
[35m[HTTP][39m [37m<-- POST /wd/hub/session/e68c6dac-4b50-4397-8a21-dde25aee6645/appium/device/activate_app [39m[32m200[39m [90m801 ms - 14[39m
[35m[HTTP][39m [90m[39m
[35m[HTTP][39m [37m-->[39m [37mGET[39m [37m/wd/hub/session/e68c6dac-4b50-4397-8a21-dde25aee6645/source[39m
[35m[HTTP][39m [90m{}[39m
[35m[W3C][39m Driver proxy active, passing request on via HTTP proxy
[35m[JSONWP Proxy][39m Replacing sessionId 2603139d-7afb-4fb0-9622-43b5b309bd5a with e68c6dac-4b50-4397-8a21-dde25aee6645
[35m[HTTP][39m [37m<-- GET /wd/hub/session/e68c6dac-4b50-4397-8a21-dde25aee6645/source [39m[32m200[39m [90m1090 ms - 240466[39m
[35m[HTTP][39m [90m[39m
[35m[HTTP][39m [37m-->[39m [37mGET[39m [37m/wd/hub/session/e68c6dac-4b50-4397-8a21-dde25aee6645/screenshot[39m
[35m[HTTP][39m [90m{}[39m
[35m[HTTP][39m [37m<-- GET /wd/hub/session/e68c6dac-4b50-4397-8a21-dde25aee6645/screenshot [39m[32m200[39m [90m309 ms - 186060[39m
[35m[HTTP][39m [90m[39m
[35m[HTTP][39m [37m-->[39m [37mDELETE[39m [37m/wd/hub/session/e68c6dac-4b50-4397-8a21-dde25aee6645[39m
[35m[HTTP][39m [90m{}[39m
[35m[Appium][39m Removing session e68c6dac-4b50-4397-8a21-dde25aee6645 from our master session list
[35m[HTTP][39m [37m<-- DELETE /wd/hub/session/e68c6dac-4b50-4397-8a21-dde25aee6645 [39m[32m200[39m [90m480 ms - 14[39m
[35m[HTTP][39m [90m[39m
